#log# Automatic Logger file. *** THIS MUST BE THE FIRST LINE ***
#log# DO NOT CHANGE THIS LINE OR THE TWO BELOW -* coding: UTF-8 *-
#log# opts = Struct({'__allownew': True,
 'autocall': 2,
 'banner': 0,
 'colors': 'LightBG',
 'ipythondir': '/home/tc1815/.casa/ipython',
 'logfile': 'ipython-20170207-171559.log',
 'messages': 0,
 'prompt_in1': 'CASA <\\#>: '})
#log# args = []
#log# It is safe to make manual edits below here.
#log#-----------------------------------------------------------------------
execfile("/homedisk/tc1815/casa-release-4.7.0-1-el6/lib/python2.7/assignmentFilter.py")
viewer('bootes1_initial_clean.image.tt0')
viewer('bootes1_initial_clean.image.tt0')
viewer('bootes1_initial_clean.image.tt0')
viewer('bootes1_initial_clean.image.tt0')
viewer('bootes1_initial_clean.image.tt0')
viewer('bootes1_initial_clean.image.tt0')
viewer('bootes1_initial_clean.image.tt0')
viewer('bootes1_initial_clean.image.tt0')
viewer('bootes1_initial_clean.image.tt0')
viewer('bootes1_initial_clean.image.tt0')
_ip.magic("pwd ")
_ip.magic("cd H12-00_results_170127/")
_ip.system("ls -F ")
clean(vis='H12-00_spwall.ms', imagename='H12-00_initial_clean', cell=['0.1arcsec','0.1arcsec'], imsize=[8400,8400], mode='mfs', nterms=2, gridmode='widefield', wprojplanes=128, stokes='I', niter=10000, spw='', interactive=True, minpb=0.1, usescratch=T, weighting='briggs', robust=0.0)
viewer('H12-00_initial_clean.image.tt0')
viewer('H12-00_initial_clean.image.tt0')
viewer('H12-00_initial_clean.residual.tt0')
exit()
