#log# Automatic Logger file. *** THIS MUST BE THE FIRST LINE ***
#log# DO NOT CHANGE THIS LINE OR THE TWO BELOW -* coding: UTF-8 *-
#log# opts = Struct({'__allownew': True,
 'autocall': 2,
 'banner': 0,
 'colors': 'LightBG',
 'ipythondir': '/home/tc1815/.casa/ipython',
 'logfile': 'ipython-20170127-124708.log',
 'messages': 0,
 'prompt_in1': 'CASA <\\#>: '})
#log# args = []
#log# It is safe to make manual edits below here.
#log#-----------------------------------------------------------------------
execfile("/homedisk/tc1815/casa-release-4.7.0-1-el6/lib/python2.7/assignmentFilter.py")
_ip.magic("pwd ")
_ip.system("ls -F ")
viewer('./H12-00_results_170127/')
viewer('./H12-00_results_170127/H12-00_initial_clean.residual.tt0')
listobs(vis='16B-013.sb32753521.eb33105440.57746.79002927084.ms')
_ip.system("ls -F ")
listobs(vis='16B-013.sb32753521.eb33105440.57746.79002927084.ms/')
exit()
