#log# Automatic Logger file. *** THIS MUST BE THE FIRST LINE ***
#log# DO NOT CHANGE THIS LINE OR THE TWO BELOW -* coding: UTF-8 *-
#log# opts = Struct({'__allownew': True,
 'autocall': 2,
 'banner': 0,
 'colors': 'LightBG',
 'ipythondir': '/home/tc1815/.casa/ipython',
 'logfile': 'ipython-20190612-174405.log',
 'messages': 0,
 'prompt_in1': 'CASA <\\#>: '})
#log# args = []
#log# It is safe to make manual edits below here.
#log#-----------------------------------------------------------------------
execfile("/home/tc1815/Downloads/casa-release-4.6.0-el6/lib/python2.7/assignmentFilter.py")
_ip.system("ls -F ")
plotcal(caltable='3c286spwall_all.G0_all',xaxis='time',yaxis='phase',poln='R',iteration='antenna',plotrange=[-1,-1,-180,180])
plotcal(caltable='3c286spwall_all.G0_all/',xaxis='time',yaxis='phase',poln='R',iteration='antenna',plotrange=[-1,-1,-180,180])
plotcal(caltable='3c286spwall_all.G0_all',xaxis='time',yaxis='phase',poln='R',iteration='antenna',plotrange=[-1,-1,-180,180])
plotcal(caltable='3c286spwall_all.B0',xaxis='time',yaxis='phase',poln='R',iteration='antenna',plotrange=[-1,-1,-180,180])
_ip.magic("pwd ")
exit()
